#
# A fatal error has been detected by the Java Runtime Environment:
#
#  SIGSEGV (0xb) at pc=0x0000000105b7ff5b, pid=76162, tid=0x0000000000001803
#
# JRE version: Java(TM) SE Runtime Environment (8.0_121-b13) (build 1.8.0_121-b13)
# Java VM: Java HotSpot(TM) 64-Bit Server VM (25.121-b13 mixed mode bsd-amd64 compressed oops)
# Problematic frame:
# V  [libjvm.dylib+0x57ff5b]
#
# Failed to write core dump. Core dumps have been disabled. To enable core dumping, try "ulimit -c unlimited" before starting Java again
#
# If you would like to submit a bug report, please visit:
#   http://bugreport.java.com/bugreport/crash.jsp
#

---------------  T H R E A D  ---------------

Current thread (0x00007fc1ad806000):  JavaThread "main" [_thread_in_vm, id=6147, stack(0x0000700002ae8000,0x0000700002be8000)]

siginfo: si_signo: 11 (SIGSEGV), si_code: 1 (SEGV_MAPERR), si_addr: 0x0000000000000000

Registers:
RAX=0x00007fc1ad806000, RBX=0x000000000000000a, RCX=0x0000000105e22370, RDX=0x0000000000000000
RSP=0x0000700002be7780, RBP=0x0000700002be77b0, RSI=0x0000000000000006, RDI=0x0000000000000109
R8 =0x000000010ec742ab, R9 =0x00000000ffffffe8, R10=0x000000010ec2a9c8, R11=0x0000000105ae4067
R12=0x0000700002be7788, R13=0x0000000107ffc6e8, R14=0x0000000000000000, R15=0x00007fc1ad806000
RIP=0x0000000105b7ff5b, EFLAGS=0x0000000000010246, ERR=0x0000000000000006
  TRAPNO=0x000000000000000e

Top of Stack: (sp=0x0000700002be7780)
0x0000700002be7780:   00007fc1ad806000 00007fc1ad806000
0x0000700002be7790:   0000000107ffc6e8 0000000000000000
0x0000700002be77a0:   0000700002be7860 00007fc1ad806000
0x0000700002be77b0:   0000700002be7828 000000010ec2a9f4
0x0000700002be77c0:   0000000107ffc6e8 0000700002be7860
0x0000700002be77d0:   0000700002be7828 000000010ec2a787
0x0000700002be77e0:   000000010ec2a742 0000700002be77e8
0x0000700002be77f0:   0000000107ffc6e8 0000700002be7860
0x0000700002be7800:   000000010802a200 0000000000000000
0x0000700002be7810:   0000000107ffc6e8 0000000000000000
0x0000700002be7820:   0000700002be7848 0000700002be78a8
0x0000700002be7830:   000000010ec1b2bd 0000000000000000
0x0000700002be7840:   000000010ec24538 000000000000000a
0x0000700002be7850:   0000000000000000 0000000000000000
0x0000700002be7860:   000000076ab089a0 0000700002be7868
0x0000700002be7870:   000000010837e692 0000700002be78c8
0x0000700002be7880:   000000010837e7b0 0000000000000000
0x0000700002be7890:   000000010837e6c0 0000700002be7848
0x0000700002be78a0:   0000700002be78c8 0000700002be7910
0x0000700002be78b0:   000000010ec1b2bd 000000076ab089a0
0x0000700002be78c0:   000000076ab736d0 000000076ab72248
0x0000700002be78d0:   0000700002be78d0 000000010837e58c
0x0000700002be78e0:   0000700002be7948 000000010837e7b0
0x0000700002be78f0:   0000000000000000 000000010837e5b8
0x0000700002be7900:   0000700002be78c8 0000700002be7948
0x0000700002be7910:   0000700002be79b0 000000010ec137a7
0x0000700002be7920:   0000000000000000 0000000000000400
0x0000700002be7930:   0000000000000400 000000076ab72248
0x0000700002be7940:   000000076ab71e08 000000076ab71c58
0x0000700002be7950:   0000000100001fa0 000000000000000a
0x0000700002be7960:   00007fc1ad806000 0000000000000001
0x0000700002be7970:   000000010ec1371f 000000010837e5b8 

Instructions: (pc=0x0000000105b7ff5b)
0x0000000105b7ff3b:   00 e8 e7 9e be ff 4c 89 7d d0 48 8d 05 94 62 2b
0x0000000105b7ff4b:   00 48 63 38 e8 0a ae 04 00 c6 80 94 02 00 00 01
0x0000000105b7ff5b:   41 89 1e c6 80 94 02 00 00 00 48 8d 7d d0 e8 9a
0x0000000105b7ff6b:   5d da ff ba 04 00 00 00 4c 89 e7 be 06 00 00 00 

Register to memory mapping:

RAX=0x00007fc1ad806000 is a thread
RBX=0x000000000000000a is an unknown value
RCX=0x0000000105e22370: UseMembar+0 in /Library/Java/JavaVirtualMachines/jdk1.8.0_121.jdk/Contents/Home/jre/lib/server/libjvm.dylib at 0x0000000105600000
RDX=0x0000000000000000 is an unknown value
RSP=0x0000700002be7780 is pointing into the stack for thread: 0x00007fc1ad806000
RBP=0x0000700002be77b0 is pointing into the stack for thread: 0x00007fc1ad806000
RSI=0x0000000000000006 is an unknown value
RDI=0x0000000000000109 is an unknown value
R8 =0x000000010ec742ab is at code_begin+11 in 
[CodeBlob (0x000000010ec74250)]
Framesize: 0
BufferBlob (0x000000010ec74250) used for Signature Handler Temp Buffer
R9 =0x00000000ffffffe8 is an unknown value
R10=0x000000010ec2a9c8 is at code_begin+808 in an Interpreter codelet
method entry point (kind = native)  [0x000000010ec2a6a0, 0x000000010ec2afa0]  2304 bytes
R11=0x0000000105ae4067: throw_unsatisfied_link_error+0 in /Library/Java/JavaVirtualMachines/jdk1.8.0_121.jdk/Contents/Home/jre/lib/server/libjvm.dylib at 0x0000000105600000
R12=0x0000700002be7788 is pointing into the stack for thread: 0x00007fc1ad806000
R13={method} {0x0000000107ffc6e8} 'putInt' '(JI)V' in 'sun/misc/Unsafe'
R14=0x0000000000000000 is an unknown value
R15=0x00007fc1ad806000 is a thread


Stack: [0x0000700002ae8000,0x0000700002be8000],  sp=0x0000700002be7780,  free space=1021k
Native frames: (J=compiled Java code, j=interpreted, Vv=VM code, C=native code)
V  [libjvm.dylib+0x57ff5b]
j  sun.misc.Unsafe.putInt(JI)V+0
j  Array.testUnsafe()V+26
j  Array.main([Ljava/lang/String;)V+60
v  ~StubRoutines::call_stub
V  [libjvm.dylib+0x2ed9d6]
V  [libjvm.dylib+0x3247ce]
V  [libjvm.dylib+0x31d545]
C  [java+0x3931]  JavaMain+0x9c4
C  [libsystem_pthread.dylib+0x3661]  _pthread_body+0x154
C  [libsystem_pthread.dylib+0x350d]  _pthread_body+0x0
C  [libsystem_pthread.dylib+0x2bf9]  thread_start+0xd
C  0x0000000000000000

Java frames: (J=compiled Java code, j=interpreted, Vv=VM code)
j  sun.misc.Unsafe.putInt(JI)V+0
j  Array.testUnsafe()V+26
j  Array.main([Ljava/lang/String;)V+60
v  ~StubRoutines::call_stub

---------------  P R O C E S S  ---------------

Java Threads: ( => current thread )
  0x00007fc1ae843000 JavaThread "Service Thread" daemon [_thread_blocked, id=14595, stack(0x0000700003c1b000,0x0000700003d1b000)]
  0x00007fc1ad81a800 JavaThread "C1 CompilerThread3" daemon [_thread_blocked, id=14339, stack(0x0000700003b18000,0x0000700003c18000)]
  0x00007fc1ae031000 JavaThread "C2 CompilerThread2" daemon [_thread_blocked, id=14083, stack(0x0000700003a15000,0x0000700003b15000)]
  0x00007fc1ad812000 JavaThread "C2 CompilerThread1" daemon [_thread_blocked, id=16387, stack(0x0000700003912000,0x0000700003a12000)]
  0x00007fc1ad02c800 JavaThread "C2 CompilerThread0" daemon [_thread_blocked, id=13827, stack(0x000070000380f000,0x000070000390f000)]
  0x00007fc1ad03d000 JavaThread "Signal Dispatcher" daemon [_thread_blocked, id=17163, stack(0x000070000370c000,0x000070000380c000)]
  0x00007fc1ae018800 JavaThread "Finalizer" daemon [_thread_blocked, id=19715, stack(0x0000700003609000,0x0000700003709000)]
  0x00007fc1ae016000 JavaThread "Reference Handler" daemon [_thread_blocked, id=12547, stack(0x0000700003506000,0x0000700003606000)]
=>0x00007fc1ad806000 JavaThread "main" [_thread_in_vm, id=6147, stack(0x0000700002ae8000,0x0000700002be8000)]

Other Threads:
  0x00007fc1ae81c800 VMThread [stack: 0x0000700003403000,0x0000700003503000] [id=12291]
  0x00007fc1ae844000 WatcherThread [stack: 0x0000700003d1e000,0x0000700003e1e000] [id=15107]

VM state:not at safepoint (normal execution)

VM Mutex/Monitor currently owned by a thread: None

Heap:
 PSYoungGen      total 76288K, used 2621K [0x000000076ab00000, 0x0000000770000000, 0x00000007c0000000)
  eden space 65536K, 4% used [0x000000076ab00000,0x000000076ad8f5e8,0x000000076eb00000)
  from space 10752K, 0% used [0x000000076f580000,0x000000076f580000,0x0000000770000000)
  to   space 10752K, 0% used [0x000000076eb00000,0x000000076eb00000,0x000000076f580000)
 ParOldGen       total 175104K, used 0K [0x00000006c0000000, 0x00000006cab00000, 0x000000076ab00000)
  object space 175104K, 0% used [0x00000006c0000000,0x00000006c0000000,0x00000006cab00000)
 Metaspace       used 2650K, capacity 4486K, committed 4864K, reserved 1056768K
  class space    used 289K, capacity 386K, committed 512K, reserved 1048576K

Card table byte_map: [0x00000001069d7000,0x00000001071d8000] byte_map_base: 0x00000001033d7000

Marking Bits: (ParMarkBitMap*) 0x0000000105ef0d30
 Begin Bits: [0x000000011dc13000, 0x0000000121c13000)
 End Bits:   [0x0000000121c13000, 0x0000000125c13000)

Polling page: 0x00000001045d0000

CodeCache: size=245760Kb used=1081Kb max_used=1081Kb free=244678Kb
 bounds [0x000000010ec13000, 0x000000010ee83000, 0x000000011dc13000]
 total_blobs=244 nmethods=14 adapters=145
 compilation: enabled

Compilation events (10 events):
Event: 0.068 Thread 0x00007fc1ad81a800    9       3       java.util.Arrays::copyOfRange (63 bytes)
Event: 0.069 Thread 0x00007fc1ad81a800 nmethod 9 0x000000010ed1fd10 code [0x000000010ed1ff20, 0x000000010ed20a58]
Event: 0.069 Thread 0x00007fc1ad81a800   11       3       java.lang.String::getChars (62 bytes)
Event: 0.069 Thread 0x00007fc1ad81a800 nmethod 11 0x000000010ed1eed0 code [0x000000010ed1f080, 0x000000010ed1f4b8]
Event: 0.076 Thread 0x00007fc1ad81a800   12       1       java.lang.ref.Reference::get (5 bytes)
Event: 0.076 Thread 0x00007fc1ad81a800 nmethod 12 0x000000010ed21190 code [0x000000010ed212e0, 0x000000010ed213f0]
Event: 0.079 Thread 0x00007fc1ad81a800   13       3       java.lang.String::indexOf (7 bytes)
Event: 0.079 Thread 0x00007fc1ad81a800 nmethod 13 0x000000010ed21450 code [0x000000010ed215c0, 0x000000010ed217c8]
Event: 0.080 Thread 0x00007fc1ad81a800   14       3       java.lang.System::getSecurityManager (4 bytes)
Event: 0.080 Thread 0x00007fc1ad81a800 nmethod 14 0x000000010ed21850 code [0x000000010ed219a0, 0x000000010ed21af0]

GC Heap History (0 events):
No events

Deoptimization events (0 events):
No events

Internal exceptions (2 events):
Event: 0.030 Thread 0x00007fc1ad806000 Exception <a 'java/lang/NoSuchMethodError': Method sun.misc.Unsafe.defineClass(Ljava/lang/String;[BII)Ljava/lang/Class; name or signature does not match> (0x000000076ab07ca8) thrown at [/Users/java_re/workspace/8-2-build-macosx-x86_64/jdk8u121/8372/hotspo
Event: 0.031 Thread 0x00007fc1ad806000 Exception <a 'java/lang/NoSuchMethodError': Method sun.misc.Unsafe.prefetchRead(Ljava/lang/Object;J)V name or signature does not match> (0x000000076ab07f90) thrown at [/Users/java_re/workspace/8-2-build-macosx-x86_64/jdk8u121/8372/hotspot/src/share/vm/pri

Events (10 events):
Event: 0.080 loading class sun/reflect/UnsafeQualifiedStaticObjectFieldAccessorImpl
Event: 0.080 loading class sun/reflect/UnsafeQualifiedStaticFieldAccessorImpl
Event: 0.080 loading class sun/reflect/UnsafeQualifiedStaticFieldAccessorImpl done
Event: 0.080 loading class sun/reflect/UnsafeQualifiedStaticObjectFieldAccessorImpl done
Event: 0.080 loading class java/util/HashMap$EntrySet
Event: 0.080 loading class java/util/HashMap$EntrySet done
Event: 0.080 loading class java/util/HashMap$EntryIterator
Event: 0.080 loading class java/util/HashMap$HashIterator
Event: 0.080 loading class java/util/HashMap$HashIterator done
Event: 0.080 loading class java/util/HashMap$EntryIterator done


Dynamic libraries:
0x000000001ef55000 	/System/Library/Frameworks/Cocoa.framework/Versions/A/Cocoa
0x000000001ef55000 	/System/Library/Frameworks/Security.framework/Versions/A/Security
0x000000001ef55000 	/System/Library/Frameworks/ApplicationServices.framework/Versions/A/ApplicationServices
0x000000001ef55000 	/usr/lib/libz.1.dylib
0x000000001ef55000 	/usr/lib/libSystem.B.dylib
0x000000001ef55000 	/usr/lib/libobjc.A.dylib
0x000000001ef55000 	/System/Library/Frameworks/CoreFoundation.framework/Versions/A/CoreFoundation
0x000000001ef55000 	/System/Library/Frameworks/Foundation.framework/Versions/C/Foundation
0x000000001ef55000 	/System/Library/Frameworks/AppKit.framework/Versions/C/AppKit
0x000000001ef55000 	/System/Library/Frameworks/CoreData.framework/Versions/A/CoreData
0x000000001ef55000 	/System/Library/PrivateFrameworks/RemoteViewServices.framework/Versions/A/RemoteViewServices
0x000000001ef55000 	/System/Library/PrivateFrameworks/UIFoundation.framework/Versions/A/UIFoundation
0x000000001ef55000 	/System/Library/PrivateFrameworks/DFRFoundation.framework/Versions/A/DFRFoundation
0x000000001ef55000 	/System/Library/Frameworks/Metal.framework/Versions/A/Metal
0x000000001ef55000 	/System/Library/PrivateFrameworks/DesktopServicesPriv.framework/Versions/A/DesktopServicesPriv
0x000000001ef55000 	/usr/lib/libenergytrace.dylib
0x000000001ef55000 	/System/Library/PrivateFrameworks/SkyLight.framework/Versions/A/SkyLight
0x000000001ef55000 	/System/Library/Frameworks/CoreGraphics.framework/Versions/A/CoreGraphics
0x000000001ef55000 	/usr/lib/libScreenReader.dylib
0x000000001ef55000 	/System/Library/Frameworks/Accelerate.framework/Versions/A/Accelerate
0x000000001ef55000 	/System/Library/Frameworks/IOSurface.framework/Versions/A/IOSurface
0x000000001ef55000 	/System/Library/Frameworks/AudioToolbox.framework/Versions/A/AudioToolbox
0x000000001ef55000 	/System/Library/Frameworks/AudioUnit.framework/Versions/A/AudioUnit
0x000000001ef55000 	/System/Library/PrivateFrameworks/DataDetectorsCore.framework/Versions/A/DataDetectorsCore
0x000000001ef55000 	/System/Library/Frameworks/Carbon.framework/Versions/A/Frameworks/HIToolbox.framework/Versions/A/HIToolbox
0x000000001ef55000 	/usr/lib/libicucore.A.dylib
0x000000001ef55000 	/System/Library/Frameworks/QuartzCore.framework/Versions/A/QuartzCore
0x000000001ef55000 	/System/Library/PrivateFrameworks/SignpostNotification.framework/Versions/A/SignpostNotification
0x000000001ef55000 	/System/Library/Frameworks/Carbon.framework/Versions/A/Frameworks/SpeechRecognition.framework/Versions/A/SpeechRecognition
0x000000001ef55000 	/usr/lib/libauto.dylib
0x000000001ef55000 	/usr/lib/libxml2.2.dylib
0x000000001ef55000 	/System/Library/PrivateFrameworks/CoreUI.framework/Versions/A/CoreUI
0x000000001ef55000 	/System/Library/Frameworks/CoreAudio.framework/Versions/A/CoreAudio
0x000000001ef55000 	/System/Library/Frameworks/DiskArbitration.framework/Versions/A/DiskArbitration
0x000000001ef55000 	/usr/lib/liblangid.dylib
0x000000001ef55000 	/System/Library/PrivateFrameworks/MultitouchSupport.framework/Versions/A/MultitouchSupport
0x000000001ef55000 	/System/Library/Frameworks/IOKit.framework/Versions/A/IOKit
0x000000001ef55000 	/usr/lib/libDiagnosticMessagesClient.dylib
0x000000001ef55000 	/System/Library/Frameworks/CoreServices.framework/Versions/A/CoreServices
0x000000001ef55000 	/System/Library/PrivateFrameworks/PerformanceAnalysis.framework/Versions/A/PerformanceAnalysis
0x000000001ef55000 	/System/Library/Frameworks/OpenGL.framework/Versions/A/OpenGL
0x000000001ef55000 	/System/Library/Frameworks/ColorSync.framework/Versions/A/ColorSync
0x000000001ef55000 	/System/Library/Frameworks/CoreImage.framework/Versions/A/CoreImage
0x000000001ef55000 	/System/Library/Frameworks/CoreText.framework/Versions/A/CoreText
0x000000001ef55000 	/System/Library/Frameworks/ImageIO.framework/Versions/A/ImageIO
0x000000001ef55000 	/System/Library/PrivateFrameworks/Backup.framework/Versions/A/Backup
0x000000001ef55000 	/usr/lib/libarchive.2.dylib
0x000000001ef55000 	/System/Library/Frameworks/CFNetwork.framework/Versions/A/CFNetwork
0x000000001ef55000 	/System/Library/Frameworks/SystemConfiguration.framework/Versions/A/SystemConfiguration
0x000000001ef55000 	/usr/lib/libCRFSuite.dylib
0x000000001ef55000 	/usr/lib/libc++.1.dylib
0x000000001ef55000 	/usr/lib/libc++abi.dylib
0x000000001ef55000 	/usr/lib/system/libcache.dylib
0x000000001ef55000 	/usr/lib/system/libcommonCrypto.dylib
0x000000001ef55000 	/usr/lib/system/libcompiler_rt.dylib
0x000000001ef55000 	/usr/lib/system/libcopyfile.dylib
0x000000001ef55000 	/usr/lib/system/libcorecrypto.dylib
0x000000001ef55000 	/usr/lib/system/libdispatch.dylib
0x000000001ef55000 	/usr/lib/system/libdyld.dylib
0x000000001ef55000 	/usr/lib/system/libkeymgr.dylib
0x000000001ef55000 	/usr/lib/system/liblaunch.dylib
0x000000001ef55000 	/usr/lib/system/libmacho.dylib
0x000000001ef55000 	/usr/lib/system/libquarantine.dylib
0x000000001ef55000 	/usr/lib/system/libremovefile.dylib
0x000000001ef55000 	/usr/lib/system/libsystem_asl.dylib
0x000000001ef55000 	/usr/lib/system/libsystem_blocks.dylib
0x000000001ef55000 	/usr/lib/system/libsystem_c.dylib
0x000000001ef55000 	/usr/lib/system/libsystem_configuration.dylib
0x000000001ef55000 	/usr/lib/system/libsystem_coreservices.dylib
0x000000001ef55000 	/usr/lib/system/libsystem_darwin.dylib
0x000000001ef55000 	/usr/lib/system/libsystem_dnssd.dylib
0x000000001ef55000 	/usr/lib/system/libsystem_info.dylib
0x000000001ef55000 	/usr/lib/system/libsystem_m.dylib
0x000000001ef55000 	/usr/lib/system/libsystem_malloc.dylib
0x000000001ef55000 	/usr/lib/system/libsystem_network.dylib
0x000000001ef55000 	/usr/lib/system/libsystem_networkextension.dylib
0x000000001ef55000 	/usr/lib/system/libsystem_notify.dylib
0x000000001ef55000 	/usr/lib/system/libsystem_sandbox.dylib
0x000000001ef55000 	/usr/lib/system/libsystem_secinit.dylib
0x000000001ef55000 	/usr/lib/system/libsystem_kernel.dylib
0x000000001ef55000 	/usr/lib/system/libsystem_platform.dylib
0x000000001ef55000 	/usr/lib/system/libsystem_pthread.dylib
0x000000001ef55000 	/usr/lib/system/libsystem_symptoms.dylib
0x000000001ef55000 	/usr/lib/system/libsystem_trace.dylib
0x000000001ef55000 	/usr/lib/system/libunwind.dylib
0x000000001ef55000 	/usr/lib/system/libxpc.dylib
0x000000001ef55000 	/usr/lib/closure/libclosured.dylib
0x000000001ef55000 	/usr/lib/libbsm.0.dylib
0x000000001ef55000 	/usr/lib/system/libkxld.dylib
0x000000001ef55000 	/usr/lib/libOpenScriptingUtil.dylib
0x000000001ef55000 	/usr/lib/libcoretls.dylib
0x000000001ef55000 	/usr/lib/libcoretls_cfhelpers.dylib
0x000000001ef55000 	/usr/lib/libpam.2.dylib
0x000000001ef55000 	/usr/lib/libsqlite3.dylib
0x000000001ef55000 	/usr/lib/libxar.1.dylib
0x000000001ef55000 	/usr/lib/libbz2.1.0.dylib
0x000000001ef55000 	/usr/lib/liblzma.5.dylib
0x000000001ef55000 	/usr/lib/libnetwork.dylib
0x000000001ef55000 	/usr/lib/libapple_nghttp2.dylib
0x000000001ef55000 	/usr/lib/libpcap.A.dylib
0x000000001ef55000 	/usr/lib/libboringssl.dylib
0x000000001ef55000 	/usr/lib/libusrtcp.dylib
0x000000001ef55000 	/usr/lib/libapple_crypto.dylib
0x000000001ef55000 	/System/Library/Frameworks/CoreServices.framework/Versions/A/Frameworks/FSEvents.framework/Versions/A/FSEvents
0x000000001ef55000 	/System/Library/Frameworks/CoreServices.framework/Versions/A/Frameworks/CarbonCore.framework/Versions/A/CarbonCore
0x000000001ef55000 	/System/Library/Frameworks/CoreServices.framework/Versions/A/Frameworks/Metadata.framework/Versions/A/Metadata
0x000000001ef55000 	/System/Library/Frameworks/CoreServices.framework/Versions/A/Frameworks/OSServices.framework/Versions/A/OSServices
0x000000001ef55000 	/System/Library/Frameworks/CoreServices.framework/Versions/A/Frameworks/SearchKit.framework/Versions/A/SearchKit
0x000000001ef55000 	/System/Library/Frameworks/CoreServices.framework/Versions/A/Frameworks/AE.framework/Versions/A/AE
0x000000001ef55000 	/System/Library/Frameworks/CoreServices.framework/Versions/A/Frameworks/LaunchServices.framework/Versions/A/LaunchServices
0x000000001ef55000 	/System/Library/Frameworks/CoreServices.framework/Versions/A/Frameworks/DictionaryServices.framework/Versions/A/DictionaryServices
0x000000001ef55000 	/System/Library/Frameworks/CoreServices.framework/Versions/A/Frameworks/SharedFileList.framework/Versions/A/SharedFileList
0x000000001ef55000 	/System/Library/Frameworks/NetFS.framework/Versions/A/NetFS
0x000000001ef55000 	/System/Library/PrivateFrameworks/NetAuth.framework/Versions/A/NetAuth
0x000000001ef55000 	/System/Library/PrivateFrameworks/login.framework/Versions/A/Frameworks/loginsupport.framework/Versions/A/loginsupport
0x000000001ef55000 	/System/Library/PrivateFrameworks/TCC.framework/Versions/A/TCC
0x000000001ef55000 	/usr/lib/libmecabra.dylib
0x000000001ef55000 	/System/Library/Frameworks/ApplicationServices.framework/Versions/A/Frameworks/ATS.framework/Versions/A/ATS
0x000000001ef55000 	/System/Library/Frameworks/ApplicationServices.framework/Versions/A/Frameworks/ColorSyncLegacy.framework/Versions/A/ColorSyncLegacy
0x000000001ef55000 	/System/Library/Frameworks/ApplicationServices.framework/Versions/A/Frameworks/HIServices.framework/Versions/A/HIServices
0x000000001ef55000 	/System/Library/Frameworks/ApplicationServices.framework/Versions/A/Frameworks/LangAnalysis.framework/Versions/A/LangAnalysis
0x000000001ef55000 	/System/Library/Frameworks/ApplicationServices.framework/Versions/A/Frameworks/PrintCore.framework/Versions/A/PrintCore
0x000000001ef55000 	/System/Library/Frameworks/ApplicationServices.framework/Versions/A/Frameworks/QD.framework/Versions/A/QD
0x000000001ef55000 	/System/Library/Frameworks/ApplicationServices.framework/Versions/A/Frameworks/SpeechSynthesis.framework/Versions/A/SpeechSynthesis
0x000000001ef55000 	/System/Library/Frameworks/CoreDisplay.framework/Versions/A/CoreDisplay
0x000000001ef55000 	/System/Library/Frameworks/Accelerate.framework/Versions/A/Frameworks/vImage.framework/Versions/A/vImage
0x000000001ef55000 	/System/Library/Frameworks/Accelerate.framework/Versions/A/Frameworks/vecLib.framework/Versions/A/vecLib
0x000000001ef55000 	/System/Library/Frameworks/Accelerate.framework/Versions/A/Frameworks/vecLib.framework/Versions/A/libvDSP.dylib
0x000000001ef55000 	/System/Library/Frameworks/Accelerate.framework/Versions/A/Frameworks/vecLib.framework/Versions/A/libBNNS.dylib
0x000000001ef55000 	/System/Library/Frameworks/Accelerate.framework/Versions/A/Frameworks/vecLib.framework/Versions/A/libQuadrature.dylib
0x000000001ef55000 	/System/Library/Frameworks/Accelerate.framework/Versions/A/Frameworks/vecLib.framework/Versions/A/libvMisc.dylib
0x000000001ef55000 	/System/Library/Frameworks/Accelerate.framework/Versions/A/Frameworks/vecLib.framework/Versions/A/libLAPACK.dylib
0x000000001ef55000 	/System/Library/Frameworks/Accelerate.framework/Versions/A/Frameworks/vecLib.framework/Versions/A/libBLAS.dylib
0x000000001ef55000 	/System/Library/Frameworks/Accelerate.framework/Versions/A/Frameworks/vecLib.framework/Versions/A/libLinearAlgebra.dylib
0x000000001ef55000 	/System/Library/Frameworks/Accelerate.framework/Versions/A/Frameworks/vecLib.framework/Versions/A/libSparse.dylib
0x000000001ef55000 	/System/Library/Frameworks/Accelerate.framework/Versions/A/Frameworks/vecLib.framework/Versions/A/libSparseBLAS.dylib
0x000000001ef55000 	/System/Library/PrivateFrameworks/GPUWrangler.framework/Versions/A/GPUWrangler
0x000000001ef55000 	/System/Library/PrivateFrameworks/IOAccelerator.framework/Versions/A/IOAccelerator
0x000000001ef55000 	/System/Library/PrivateFrameworks/IOPresentment.framework/Versions/A/IOPresentment
0x000000001ef55000 	/System/Library/PrivateFrameworks/DSExternalDisplay.framework/Versions/A/DSExternalDisplay
0x000000001ef55000 	/System/Library/Frameworks/OpenGL.framework/Versions/A/Libraries/libCoreFSCache.dylib
0x000000001ef55000 	/System/Library/Frameworks/CoreVideo.framework/Versions/A/CoreVideo
0x000000001ef55000 	/System/Library/PrivateFrameworks/GraphVisualizer.framework/Versions/A/GraphVisualizer
0x000000001ef55000 	/System/Library/Frameworks/MetalPerformanceShaders.framework/Versions/A/MetalPerformanceShaders
0x000000001ef55000 	/usr/lib/libFosl_dynamic.dylib
0x000000001ef55000 	/System/Library/PrivateFrameworks/FaceCore.framework/Versions/A/FaceCore
0x000000001ef55000 	/System/Library/Frameworks/OpenCL.framework/Versions/A/OpenCL
0x000000001ef55000 	/usr/lib/libcompression.dylib
0x000000001ef55000 	/System/Library/Frameworks/ApplicationServices.framework/Versions/A/Frameworks/ATS.framework/Versions/A/Resources/libFontParser.dylib
0x000000001ef55000 	/System/Library/Frameworks/ApplicationServices.framework/Versions/A/Frameworks/ATS.framework/Versions/A/Resources/libFontRegistry.dylib
0x000000001ef55000 	/System/Library/Frameworks/ImageIO.framework/Versions/A/Resources/libJPEG.dylib
0x000000001ef55000 	/System/Library/Frameworks/ImageIO.framework/Versions/A/Resources/libTIFF.dylib
0x000000001ef55000 	/System/Library/Frameworks/ImageIO.framework/Versions/A/Resources/libPng.dylib
0x000000001ef55000 	/System/Library/Frameworks/ImageIO.framework/Versions/A/Resources/libGIF.dylib
0x000000001ef55000 	/System/Library/Frameworks/ImageIO.framework/Versions/A/Resources/libJP2.dylib
0x000000001ef55000 	/System/Library/Frameworks/ImageIO.framework/Versions/A/Resources/libRadiance.dylib
0x000000001ef55000 	/System/Library/PrivateFrameworks/AppleJPEG.framework/Versions/A/AppleJPEG
0x000000001ef55000 	/System/Library/Frameworks/MetalPerformanceShaders.framework/Frameworks/MPSCore.framework/Versions/A/MPSCore
0x000000001ef55000 	/System/Library/Frameworks/MetalPerformanceShaders.framework/Frameworks/MPSImage.framework/Versions/A/MPSImage
0x000000001ef55000 	/System/Library/Frameworks/MetalPerformanceShaders.framework/Frameworks/MPSNeuralNetwork.framework/Versions/A/MPSNeuralNetwork
0x000000001ef55000 	/System/Library/Frameworks/MetalPerformanceShaders.framework/Frameworks/MPSMatrix.framework/Versions/A/MPSMatrix
0x000000001ef55000 	/System/Library/PrivateFrameworks/MetalTools.framework/Versions/A/MetalTools
0x000000001ef55000 	/System/Library/Frameworks/OpenGL.framework/Versions/A/Libraries/libGLU.dylib
0x000000001ef55000 	/System/Library/Frameworks/OpenGL.framework/Versions/A/Libraries/libGFXShared.dylib
0x000000001ef55000 	/System/Library/Frameworks/OpenGL.framework/Versions/A/Libraries/libGL.dylib
0x000000001ef55000 	/System/Library/Frameworks/OpenGL.framework/Versions/A/Libraries/libGLImage.dylib
0x000000001ef55000 	/System/Library/Frameworks/OpenGL.framework/Versions/A/Libraries/libCVMSPluginSupport.dylib
0x000000001ef55000 	/System/Library/Frameworks/OpenGL.framework/Versions/A/Libraries/libCoreVMClient.dylib
0x000000001ef55000 	/usr/lib/libcups.2.dylib
0x000000001ef55000 	/System/Library/Frameworks/Kerberos.framework/Versions/A/Kerberos
0x000000001ef55000 	/System/Library/Frameworks/GSS.framework/Versions/A/GSS
0x000000001ef55000 	/usr/lib/libresolv.9.dylib
0x000000001ef55000 	/usr/lib/libiconv.2.dylib
0x000000001ef55000 	/System/Library/PrivateFrameworks/Heimdal.framework/Versions/A/Heimdal
0x000000001ef55000 	/usr/lib/libheimdal-asn1.dylib
0x000000001ef55000 	/System/Library/Frameworks/OpenDirectory.framework/Versions/A/OpenDirectory
0x000000001ef55000 	/System/Library/PrivateFrameworks/CommonAuth.framework/Versions/A/CommonAuth
0x000000001ef55000 	/System/Library/Frameworks/OpenDirectory.framework/Versions/A/Frameworks/CFOpenDirectory.framework/Versions/A/CFOpenDirectory
0x000000001ef55000 	/System/Library/Frameworks/SecurityFoundation.framework/Versions/A/SecurityFoundation
0x000000001ef55000 	/System/Library/PrivateFrameworks/APFS.framework/Versions/A/APFS
0x000000001ef55000 	/usr/lib/libutil.dylib
0x000000001ef55000 	/System/Library/PrivateFrameworks/AppleSauce.framework/Versions/A/AppleSauce
0x000000001ef55000 	/System/Library/PrivateFrameworks/LinguisticData.framework/Versions/A/LinguisticData
0x000000001ef55000 	/usr/lib/libmarisa.dylib
0x000000001ef55000 	/System/Library/PrivateFrameworks/Lexicon.framework/Versions/A/Lexicon
0x000000001ef55000 	/usr/lib/libChineseTokenizer.dylib
0x000000001ef55000 	/usr/lib/libcmph.dylib
0x000000001ef55000 	/System/Library/PrivateFrameworks/LanguageModeling.framework/Versions/A/LanguageModeling
0x000000001ef55000 	/System/Library/PrivateFrameworks/CoreEmoji.framework/Versions/A/CoreEmoji
0x000000001ef55000 	/System/Library/Frameworks/ServiceManagement.framework/Versions/A/ServiceManagement
0x000000001ef55000 	/System/Library/PrivateFrameworks/BackgroundTaskManagement.framework/Versions/A/BackgroundTaskManagement
0x000000001ef55000 	/usr/lib/libxslt.1.dylib
0x000000001ef55000 	/System/Library/Frameworks/Carbon.framework/Versions/A/Frameworks/Ink.framework/Versions/A/Ink
0x000000001ef55000 	/System/Library/PrivateFrameworks/TextureIO.framework/Versions/A/TextureIO
0x000000001ef55000 	/usr/lib/libate.dylib
0x000000001ef55000 	/System/Library/PrivateFrameworks/CrashReporterSupport.framework/Versions/A/CrashReporterSupport
0x000000001ef55000 	/System/Library/PrivateFrameworks/Sharing.framework/Versions/A/Sharing
0x000000001ef55000 	/System/Library/PrivateFrameworks/IconServices.framework/Versions/A/IconServices
0x000000001ef55000 	/System/Library/PrivateFrameworks/Apple80211.framework/Versions/A/Apple80211
0x000000001ef55000 	/System/Library/PrivateFrameworks/CoreUtils.framework/Versions/A/CoreUtils
0x000000001ef55000 	/System/Library/Frameworks/CoreWLAN.framework/Versions/A/CoreWLAN
0x000000001ef55000 	/System/Library/Frameworks/IOBluetooth.framework/Versions/A/IOBluetooth
0x000000001ef55000 	/System/Library/PrivateFrameworks/ProtocolBuffer.framework/Versions/A/ProtocolBuffer
0x000000001ef55000 	/System/Library/PrivateFrameworks/CoreWiFi.framework/Versions/A/CoreWiFi
0x000000001ef55000 	/System/Library/Frameworks/CoreBluetooth.framework/Versions/A/CoreBluetooth
0x000000001ef55000 	/System/Library/PrivateFrameworks/DebugSymbols.framework/Versions/A/DebugSymbols
0x000000001ef55000 	/System/Library/PrivateFrameworks/CoreSymbolication.framework/Versions/A/CoreSymbolication
0x000000001ef55000 	/System/Library/PrivateFrameworks/Symbolication.framework/Versions/A/Symbolication
0x000000001ef55000 	/System/Library/PrivateFrameworks/AppleFSCompression.framework/Versions/A/AppleFSCompression
0x000000001ef55000 	/System/Library/PrivateFrameworks/SpeechRecognitionCore.framework/Versions/A/SpeechRecognitionCore
0x0000000105600000 	/Library/Java/JavaVirtualMachines/jdk1.8.0_121.jdk/Contents/Home/jre/lib/server/libjvm.dylib
0x000000001ef55000 	/usr/lib/libstdc++.6.0.9.dylib
0x00000001045c2000 	/Library/Java/JavaVirtualMachines/jdk1.8.0_121.jdk/Contents/Home/jre/lib/libverify.dylib
0x00000001065a2000 	/Library/Java/JavaVirtualMachines/jdk1.8.0_121.jdk/Contents/Home/jre/lib/libjava.dylib
0x00000001045da000 	/Library/Java/JavaVirtualMachines/jdk1.8.0_121.jdk/Contents/Home/jre/lib/libzip.dylib
0x000000001ef55000 	/System/Library/Frameworks/JavaVM.framework/Versions/A/Frameworks/JavaRuntimeSupport.framework/Versions/A/JavaRuntimeSupport
0x000000001ef55000 	/System/Library/Frameworks/JavaVM.framework/Versions/A/Frameworks/JavaNativeFoundation.framework/Versions/A/JavaNativeFoundation
0x000000001ef55000 	/System/Library/Frameworks/JavaVM.framework/Versions/A/JavaVM
0x000000001ef55000 	/System/Library/Frameworks/Carbon.framework/Versions/A/Carbon
0x000000001ef55000 	/System/Library/PrivateFrameworks/JavaLaunching.framework/Versions/A/JavaLaunching
0x000000001ef55000 	/System/Library/Frameworks/Carbon.framework/Versions/A/Frameworks/CommonPanels.framework/Versions/A/CommonPanels
0x000000001ef55000 	/System/Library/Frameworks/Carbon.framework/Versions/A/Frameworks/Help.framework/Versions/A/Help
0x000000001ef55000 	/System/Library/Frameworks/Carbon.framework/Versions/A/Frameworks/ImageCapture.framework/Versions/A/ImageCapture
0x000000001ef55000 	/System/Library/Frameworks/Carbon.framework/Versions/A/Frameworks/OpenScripting.framework/Versions/A/OpenScripting
0x000000001ef55000 	/System/Library/Frameworks/Carbon.framework/Versions/A/Frameworks/Print.framework/Versions/A/Print
0x000000001ef55000 	/System/Library/Frameworks/Carbon.framework/Versions/A/Frameworks/SecurityHI.framework/Versions/A/SecurityHI

VM Arguments:
java_command: Array
java_class_path (initial): .
Launcher Type: SUN_STANDARD

Environment Variables:
PATH=/usr/local/opt/llvm/bin:/Users/zoe/torch/install/bin:/Users/zoe/.opam/system/bin:/usr/local/opt/llvm/bin:/usr/local/bin:/usr/bin:/bin:/usr/sbin:/sbin:/usr/local/share/dotnet:/usr/local/mysql/bin:/opt/X11/bin:/Library/Frameworks/Mono.framework/Versions/Current/Commands:/Applications/Wireshark.app/Contents/MacOS:/Applications/Xamarin Workbooks.app/Contents/SharedSupport/path-bin:/Users/zoe/go/bin:/opt/local/bin
LD_LIBRARY_PATH=/Users/zoe/torch/install/lib:/usr/local/Cellar/llvm/6.0.0/lib::/usr/local/lib:/usr/local/lib/fst
SHELL=/bin/zsh
DISPLAY=/private/tmp/com.apple.launchd.NOgqFq7TBx/org.macosforge.xquartz:0
DYLD_LIBRARY_PATH=/Users/zoe/torch/install/lib:

Signal Handlers:
SIGSEGV: [libjvm.dylib+0x5b1141], sa_mask[0]=11111111011111110111111111111111, sa_flags=SA_ONSTACK|SA_RESTART|SA_SIGINFO
SIGBUS: [libjvm.dylib+0x5b1141], sa_mask[0]=11111111011111110111111111111111, sa_flags=SA_RESTART|SA_SIGINFO
SIGFPE: [libjvm.dylib+0x487bc4], sa_mask[0]=11111111011111110111111111111111, sa_flags=SA_RESTART|SA_SIGINFO
SIGPIPE: [libjvm.dylib+0x487bc4], sa_mask[0]=11111111011111110111111111111111, sa_flags=SA_RESTART|SA_SIGINFO
SIGXFSZ: [libjvm.dylib+0x487bc4], sa_mask[0]=11111111011111110111111111111111, sa_flags=SA_RESTART|SA_SIGINFO
SIGILL: [libjvm.dylib+0x487bc4], sa_mask[0]=11111111011111110111111111111111, sa_flags=SA_RESTART|SA_SIGINFO
SIGUSR1: SIG_DFL, sa_mask[0]=00000000000000000000000000000000, sa_flags=SA_RESTART
SIGUSR2: [libjvm.dylib+0x4876e2], sa_mask[0]=00000000000000000000000000000000, sa_flags=SA_RESTART|SA_SIGINFO
SIGHUP: [libjvm.dylib+0x485cb9], sa_mask[0]=11111111011111110111111111111111, sa_flags=SA_RESTART|SA_SIGINFO
SIGINT: [libjvm.dylib+0x485cb9], sa_mask[0]=11111111011111110111111111111111, sa_flags=SA_RESTART|SA_SIGINFO
SIGTERM: [libjvm.dylib+0x485cb9], sa_mask[0]=11111111011111110111111111111111, sa_flags=SA_RESTART|SA_SIGINFO
SIGQUIT: [libjvm.dylib+0x485cb9], sa_mask[0]=11111111011111110111111111111111, sa_flags=SA_RESTART|SA_SIGINFO


---------------  S Y S T E M  ---------------

OS:Bsduname:Darwin 17.6.0 Darwin Kernel Version 17.6.0: Tue May  8 15:22:16 PDT 2018; root:xnu-4570.61.1~1/RELEASE_X86_64 x86_64
rlimit: STACK 8192k, CORE 0k, NPROC 1418, NOFILE 10240, AS infinity
load average:2.69 2.47 2.40

CPU:total 8 (4 cores per cpu, 2 threads per core) family 6 model 70 stepping 1, cmov, cx8, fxsr, mmx, sse, sse2, sse3, ssse3, sse4.1, sse4.2, popcnt, avx, avx2, aes, clmul, erms, lzcnt, ht, tsc, tscinvbit, bmi1, bmi2

Memory: 4k page, physical 16777216k(395668k free)

/proc/meminfo:


vm_info: Java HotSpot(TM) 64-Bit Server VM (25.121-b13) for bsd-amd64 JRE (1.8.0_121-b13), built on Dec 12 2016 20:39:32 by "java_re" with gcc 4.2.1 (Based on Apple Inc. build 5658) (LLVM build 2336.11.00)

time: Sat Sep  1 18:35:13 2018
elapsed time: 0 seconds (0d 0h 0m 0s)

